\BOOKMARK [0][-]{part.1}{I Introduction}{}% 1
\BOOKMARK [1][-]{section.1}{About SAP}{part.1}% 2
\BOOKMARK [1][-]{section.2}{Concept and Motivation}{part.1}% 3
\BOOKMARK [1][-]{section.3}{Brief Introduction about the Chapters that follow}{part.1}% 4
\BOOKMARK [0][-]{part.2}{II Background}{}% 5
\BOOKMARK [1][-]{section.4}{Overview}{part.2}% 6
\BOOKMARK [2][-]{subsection.4.1}{Need for a tool}{section.4}% 7
\BOOKMARK [2][-]{subsection.4.2}{Improvements and Increase of use in Mobile Technology}{section.4}% 8
\BOOKMARK [2][-]{subsection.4.3}{Development of cloud based systems}{section.4}% 9
\BOOKMARK [2][-]{subsection.4.4}{Advancement in In-memory databases}{section.4}% 10
\BOOKMARK [2][-]{subsection.4.5}{Web Analytics}{section.4}% 11
\BOOKMARK [1][-]{section.5}{Solutions / Products Used}{part.2}% 12
\BOOKMARK [2][-]{subsection.5.1}{Solution Explorer}{section.5}% 13
\BOOKMARK [2][-]{subsection.5.2}{BSR Authoring Tool}{section.5}% 14
\BOOKMARK [2][-]{subsection.5.3}{Tracker API}{section.5}% 15
\BOOKMARK [2][-]{subsection.5.4}{WARP API}{section.5}% 16
\BOOKMARK [2][-]{subsection.5.5}{Data Explorer}{section.5}% 17
\BOOKMARK [2][-]{subsection.5.6}{Piwik}{section.5}% 18
\BOOKMARK [1][-]{section.6}{Objectives}{part.2}% 19
\BOOKMARK [0][-]{part.3}{III Requirement Analysis}{}% 20
\BOOKMARK [1][-]{section.7}{Use Case - Coordinators}{part.3}% 21
\BOOKMARK [1][-]{section.8}{Dashboards Block Diagram}{part.3}% 22
\BOOKMARK [0][-]{part.4}{IV Approach}{}% 23
\BOOKMARK [1][-]{section.9}{Data Vizualization}{part.4}% 24
\BOOKMARK [2][-]{subsection.9.1}{Charts - SAP Viz library}{section.9}% 25
\BOOKMARK [1][-]{section.10}{Responsive Web Design}{part.4}% 26
\BOOKMARK [2][-]{subsection.10.1}{SAP UI5}{section.10}% 27
\BOOKMARK [1][-]{section.11}{MVC Architecture}{part.4}% 28
\BOOKMARK [2][-]{subsection.11.1}{Model}{section.11}% 29
\BOOKMARK [2][-]{subsection.11.2}{View}{section.11}% 30
\BOOKMARK [2][-]{subsection.11.3}{Controller}{section.11}% 31
\BOOKMARK [0][-]{part.5}{V Development Environment}{}% 32
\BOOKMARK [1][-]{section.12}{Eclipse with SAP UI5 plugin}{part.5}% 33
\BOOKMARK [1][-]{section.13}{SAP HANA Web IDE}{part.5}% 34
\BOOKMARK [1][-]{section.14}{Monsoon Cloud Computing}{part.5}% 35
\BOOKMARK [0][-]{part.6}{VI Technologies Used}{}% 36
\BOOKMARK [1][-]{section.15}{SAP UI5}{part.6}% 37
\BOOKMARK [2][-]{subsection.15.1}{Overview}{section.15}% 38
\BOOKMARK [2][-]{subsection.15.2}{Architectural Overview}{section.15}% 39
\BOOKMARK [2][-]{subsection.15.3}{Advantages of using SAP UI5}{section.15}% 40
\BOOKMARK [1][-]{section.16}{SAP HANA Database}{part.6}% 41
\BOOKMARK [2][-]{subsection.16.1}{Overview}{section.16}% 42
\BOOKMARK [2][-]{subsection.16.2}{XSJS}{section.16}% 43
\BOOKMARK [1][-]{section.17}{Monsoon Cloud Computing}{part.6}% 44
\BOOKMARK [2][-]{subsection.17.1}{Overview}{section.17}% 45
\BOOKMARK [2][-]{subsection.17.2}{Chef Recipe}{section.17}% 46
\BOOKMARK [1][-]{section.18}{Git}{part.6}% 47
\BOOKMARK [2][-]{subsection.18.1}{Overview}{section.18}% 48
\BOOKMARK [2][-]{subsection.18.2}{Common Git commands}{section.18}% 49
\BOOKMARK [1][-]{section.19}{Build automation}{part.6}% 50
\BOOKMARK [2][-]{subsection.19.1}{Overview}{section.19}% 51
\BOOKMARK [2][-]{subsection.19.2}{Bamboo}{section.19}% 52
\BOOKMARK [0][-]{part.7}{VII Development Phase}{}% 53
\BOOKMARK [1][-]{section.20}{Detailed Requirement for Dashboards}{part.7}% 54
\BOOKMARK [1][-]{section.21}{Development using the WARP API}{part.7}% 55
\BOOKMARK [1][-]{section.22}{Deployment in the productive system}{part.7}% 56
\BOOKMARK [0][-]{part.8}{VIII Conclusion and Outlook}{}% 57
\BOOKMARK [0][-]{part.9}{IX End Material}{}% 58
\BOOKMARK [1][-]{section*.4}{Material}{part.9}% 59
\BOOKMARK [1][-]{section*.4}{List of Figures}{part.9}% 60
\BOOKMARK [1][-]{section*.5}{List of Tables}{part.9}% 61
\BOOKMARK [1][-]{section*.7}{Abbreviations}{part.9}% 62
\BOOKMARK [1][-]{section*.7}{Glossary}{part.9}% 63
\BOOKMARK [1][-]{section*.7}{Bibliography}{part.9}% 64
